<?xml version="1.0" encoding="UTF-8"?>
<!-- Generated by org.testng.reporters.JUnitReportReporter -->
<testsuite hostname="LAPTOP-AC3TBGQS" failures="0" tests="1" name="TestRun.SignIn" time="14.205" errors="0" timestamp="2024-06-06T13:11:39 IST" skipped="0">
  <testcase classname="TestRun.SignIn" name="VerifysignIn" time="14.205"/>
  <system-out/>
</testsuite> <!-- TestRun.SignIn -->
