<?xml version="1.0" encoding="UTF-8"?>
<!-- Generated by org.testng.reporters.JUnitReportReporter -->
<testsuite hostname="LAPTOP-AC3TBGQS" failures="0" tests="1" name="TestRun.SignupViaAnotherway" time="8.227" errors="0" timestamp="2024-06-04T14:39:51 IST" skipped="0">
  <testcase classname="TestRun.SignupViaAnotherway" name="Runsignup1" time="8.227"/>
  <system-out/>
</testsuite> <!-- TestRun.SignupViaAnotherway -->
