<?xml version="1.0" encoding="UTF-8"?>
<!-- Generated by org.testng.reporters.JUnitReportReporter -->
<testsuite hostname="LAPTOP-AC3TBGQS" failures="0" tests="1" name="TestRun.Giveaways" time="142.442" errors="0" timestamp="2024-06-12T16:07:09 IST" skipped="0">
  <testcase classname="TestRun.Giveaways" name="verifyGiveAways" time="142.442"/>
  <system-out/>
</testsuite> <!-- TestRun.Giveaways -->
