<?xml version="1.0" encoding="UTF-8"?>
<!-- Generated by org.testng.reporters.JUnitReportReporter -->
<testsuite hostname="LAPTOP-AC3TBGQS" failures="0" tests="1" name="TestRun.Giveaways" time="64.199" errors="0" timestamp="2024-06-11T18:00:46 IST" skipped="0">
  <testcase classname="TestRun.Giveaways" name="verifyGiveAways" time="64.199"/>
  <system-out/>
</testsuite> <!-- TestRun.Giveaways -->
