<?xml version="1.0" encoding="UTF-8"?>
<!-- Generated by org.testng.reporters.JUnitReportReporter -->
<testsuite hostname="LAPTOP-AC3TBGQS" failures="0" tests="1" name="TestRun.Giveaways$PostApiForOTP" time="2.648" errors="0" timestamp="2024-06-11T17:05:23 IST" skipped="0">
  <testcase classname="TestRun.Giveaways$PostApiForOTP" name="testSendingRequestBody" time="2.648"/>
  <system-out/>
</testsuite> <!-- TestRun.Giveaways$PostApiForOTP -->
