<?xml version="1.0" encoding="UTF-8"?>
<!-- Generated by org.testng.reporters.JUnitReportReporter -->
<testsuite hostname="LAPTOP-AC3TBGQS" failures="0" tests="1" name="TestRun.Freebies" time="88.285" errors="0" timestamp="2024-06-14T09:56:24 IST" skipped="0">
  <testcase classname="TestRun.Freebies" name="Verifyfreebies" time="88.285"/>
  <system-out/>
</testsuite> <!-- TestRun.Freebies -->
