<?xml version="1.0" encoding="UTF-8"?>
<!-- Generated by org.testng.reporters.JUnitReportReporter -->
<testsuite hostname="LAPTOP-AC3TBGQS" failures="0" tests="1" name="TestRun.Signup" time="73.088" errors="0" timestamp="2024-06-06T10:24:51 IST" skipped="0">
  <testcase classname="TestRun.Signup" name="Verifysignup" time="73.088"/>
  <system-out/>
</testsuite> <!-- TestRun.Signup -->
