<?xml version="1.0" encoding="UTF-8"?>
<!-- Generated by org.testng.reporters.JUnitReportReporter -->
<testsuite hostname="LAPTOP-AC3TBGQS" failures="0" tests="1" name="TestRun.SignInByPassword" time="97.308" errors="0" timestamp="2024-06-06T15:36:22 IST" skipped="0">
  <testcase classname="TestRun.SignInByPassword" name="verifySignInByPassword" time="97.308"/>
  <system-out/>
</testsuite> <!-- TestRun.SignInByPassword -->
