<?xml version="1.0" encoding="UTF-8"?>
<!-- Generated by org.testng.reporters.JUnitReportReporter -->
<testsuite hostname="LAPTOP-AC3TBGQS" failures="0" tests="1" name="TestRun.PostHTTPMethod" time="2.222" errors="0" timestamp="2024-06-11T16:46:15 IST" skipped="0">
  <testcase classname="TestRun.PostHTTPMethod" name="testSendingRequestBody" time="2.222"/>
  <system-out/>
</testsuite> <!-- TestRun.PostHTTPMethod -->
