<?xml version="1.0" encoding="UTF-8"?>
<!-- Generated by org.testng.reporters.JUnitReportReporter -->
<testsuite hostname="LAPTOP-AC3TBGQS" failures="0" tests="1" name="TestRun.Freebies" time="81.742" errors="0" timestamp="2024-06-07T18:39:04 IST" skipped="0">
  <testcase classname="TestRun.Freebies" name="Verifyfreebies" time="81.742"/>
  <system-out/>
</testsuite> <!-- TestRun.Freebies -->
