<?xml version="1.0" encoding="UTF-8"?>
<!-- Generated by org.testng.reporters.JUnitReportReporter -->
<testsuite hostname="LAPTOP-AC3TBGQS" failures="0" tests="1" name="TestRun.Freebies" time="85.134" errors="0" timestamp="2024-06-13T18:27:18 IST" skipped="0">
  <testcase classname="TestRun.Freebies" name="Verifyfreebies" time="85.134"/>
  <system-out/>
</testsuite> <!-- TestRun.Freebies -->
