<?xml version="1.0" encoding="UTF-8"?>
<!-- Generated by org.testng.reporters.JUnitReportReporter -->
<testsuite hostname="LAPTOP-AC3TBGQS" failures="0" tests="1" name="TestRun.SignIn" time="14.981" errors="0" timestamp="2024-06-05T18:21:50 IST" skipped="0">
  <testcase classname="TestRun.SignIn" name="VerifysignIn" time="14.981"/>
  <system-out/>
</testsuite> <!-- TestRun.SignIn -->
