<?xml version="1.0" encoding="UTF-8"?>
<!-- Generated by org.testng.reporters.JUnitReportReporter -->
<testsuite hostname="LAPTOP-AC3TBGQS" failures="0" tests="1" name="TestRun.Signup" time="74.704" errors="0" timestamp="2024-06-07T16:33:50 IST" skipped="0">
  <testcase classname="TestRun.Signup" name="Verifysignup" time="74.704"/>
  <system-out/>
</testsuite> <!-- TestRun.Signup -->
