<?xml version="1.0" encoding="UTF-8"?>
<!-- Generated by org.testng.reporters.JUnitReportReporter -->
<testsuite hostname="LAPTOP-AC3TBGQS" failures="0" tests="1" name="TestRun.Signup" time="72.817" errors="0" timestamp="2024-06-07T12:39:44 IST" skipped="0">
  <testcase classname="TestRun.Signup" name="Verifysignup" time="72.817"/>
  <system-out/>
</testsuite> <!-- TestRun.Signup -->
